<?xml version="1.0" encoding="UTF-8"?>
<testng-results ignored="1" total="2" passed="0" failed="0" skipped="1">
  <reporter-output>
  </reporter-output>
  <suite started-at="2024-12-19T22:44:25 IST" name="Default suite" finished-at="2024-12-19T22:44:25 IST" duration-ms="51">
    <groups>
    </groups>
    <test started-at="2024-12-19T22:44:25 IST" name="Default test" finished-at="2024-12-19T22:44:25 IST" duration-ms="51">
      <class name="testClasses.ManageUsersTestClass">
        <test-method is-config="true" signature="createReport(org.testng.ITestContext)[pri:0, instance:testClasses.ManageUsersTestClass@3a93b025]" started-at="2024-12-19T22:44:24 IST" name="createReport" finished-at="2024-12-19T22:44:25 IST" duration-ms="351" status="PASS">
          <params>
            <param index="0">
              <value>
                <![CDATA[org.testng.TestRunner@12a94400]]>
              </value>
            </param>
          </params>
          <reporter-output>
          </reporter-output>
        </test-method> <!-- createReport -->
        <test-method is-config="true" signature="beforeclass(java.lang.String)[pri:0, instance:testClasses.ManageUsersTestClass@3a93b025]" started-at="2024-12-19T22:44:25 IST" name="beforeclass" finished-at="1970-01-01T05:30:00 IST" duration-ms="-1734628465109" status="FAIL">
          <exception class="org.testng.TestNGException">
            <message>
              <![CDATA[
Parameter 'browser' is required by BeforeClass on method beforeclass but has not been marked @Optional or defined
in C:\Users\rincy\AppData\Local\Temp\testng-eclipse--490344604\testng-customsuite.xml]]>
            </message>
            <full-stacktrace>
              <![CDATA[org.testng.TestNGException: 
Parameter 'browser' is required by BeforeClass on method beforeclass but has not been marked @Optional or defined
in C:\Users\rincy\AppData\Local\Temp\testng-eclipse--490344604\testng-customsuite.xml
at org.testng.internal.Parameters.createParams(Parameters.java:270)
at org.testng.internal.Parameters.createParametersForMethod(Parameters.java:358)
at org.testng.internal.Parameters.createParameters(Parameters.java:700)
at org.testng.internal.Parameters.createConfigurationParameters(Parameters.java:168)
at org.testng.internal.ConfigInvoker.invokeConfigurations(ConfigInvoker.java:302)
at org.testng.internal.TestMethodWorker.invokeBeforeClassMethods(TestMethodWorker.java:176)
at org.testng.internal.TestMethodWorker.run(TestMethodWorker.java:122)
at java.base/java.util.ArrayList.forEach(ArrayList.java:1511)
at org.testng.TestRunner.privateRun(TestRunner.java:794)
at org.testng.TestRunner.run(TestRunner.java:596)
at org.testng.SuiteRunner.runTest(SuiteRunner.java:377)
at org.testng.SuiteRunner.runSequentially(SuiteRunner.java:371)
at org.testng.SuiteRunner.privateRun(SuiteRunner.java:332)
at org.testng.SuiteRunner.run(SuiteRunner.java:276)
at org.testng.SuiteRunnerWorker.runSuite(SuiteRunnerWorker.java:53)
at org.testng.SuiteRunnerWorker.run(SuiteRunnerWorker.java:96)
at org.testng.TestNG.runSuitesSequentially(TestNG.java:1212)
at org.testng.TestNG.runSuitesLocally(TestNG.java:1134)
at org.testng.TestNG.runSuites(TestNG.java:1063)
at org.testng.TestNG.run(TestNG.java:1031)
at org.testng.remote.AbstractRemoteTestNG.run(AbstractRemoteTestNG.java:115)
at org.testng.remote.RemoteTestNG.initAndRun(RemoteTestNG.java:293)
at org.testng.remote.RemoteTestNG.main(RemoteTestNG.java:91)
]]>
            </full-stacktrace>
          </exception> <!-- org.testng.TestNGException -->
          <reporter-output>
          </reporter-output>
        </test-method> <!-- beforeclass -->
        <test-method is-config="true" signature="beforeMethod()[pri:0, instance:testClasses.ManageUsersTestClass@3a93b025]" started-at="2024-12-19T22:44:25 IST" name="beforeMethod" finished-at="1970-01-01T05:30:00 IST" duration-ms="-1734628465129" status="SKIP">
          <reporter-output>
          </reporter-output>
        </test-method> <!-- beforeMethod -->
        <test-method signature="verifyTheAddedUserIsVisibleInTheAllUserList()[pri:0, instance:testClasses.ManageUsersTestClass@3a93b025]" started-at="2024-12-19T22:44:25 IST" name="verifyTheAddedUserIsVisibleInTheAllUserList" finished-at="2024-12-19T22:44:25 IST" duration-ms="0" status="SKIP">
          <exception class="org.testng.TestNGException">
            <message>
              <![CDATA[
Parameter 'browser' is required by BeforeClass on method beforeclass but has not been marked @Optional or defined
in C:\Users\rincy\AppData\Local\Temp\testng-eclipse--490344604\testng-customsuite.xml]]>
            </message>
            <full-stacktrace>
              <![CDATA[org.testng.TestNGException: 
Parameter 'browser' is required by BeforeClass on method beforeclass but has not been marked @Optional or defined
in C:\Users\rincy\AppData\Local\Temp\testng-eclipse--490344604\testng-customsuite.xml
at org.testng.internal.Parameters.createParams(Parameters.java:270)
at org.testng.internal.Parameters.createParametersForMethod(Parameters.java:358)
at org.testng.internal.Parameters.createParameters(Parameters.java:700)
at org.testng.internal.Parameters.createConfigurationParameters(Parameters.java:168)
at org.testng.internal.ConfigInvoker.invokeConfigurations(ConfigInvoker.java:302)
at org.testng.internal.TestMethodWorker.invokeBeforeClassMethods(TestMethodWorker.java:176)
at org.testng.internal.TestMethodWorker.run(TestMethodWorker.java:122)
at java.base/java.util.ArrayList.forEach(ArrayList.java:1511)
at org.testng.TestRunner.privateRun(TestRunner.java:794)
at org.testng.TestRunner.run(TestRunner.java:596)
at org.testng.SuiteRunner.runTest(SuiteRunner.java:377)
at org.testng.SuiteRunner.runSequentially(SuiteRunner.java:371)
at org.testng.SuiteRunner.privateRun(SuiteRunner.java:332)
at org.testng.SuiteRunner.run(SuiteRunner.java:276)
at org.testng.SuiteRunnerWorker.runSuite(SuiteRunnerWorker.java:53)
at org.testng.SuiteRunnerWorker.run(SuiteRunnerWorker.java:96)
at org.testng.TestNG.runSuitesSequentially(TestNG.java:1212)
at org.testng.TestNG.runSuitesLocally(TestNG.java:1134)
at org.testng.TestNG.runSuites(TestNG.java:1063)
at org.testng.TestNG.run(TestNG.java:1031)
at org.testng.remote.AbstractRemoteTestNG.run(AbstractRemoteTestNG.java:115)
at org.testng.remote.RemoteTestNG.initAndRun(RemoteTestNG.java:293)
at org.testng.remote.RemoteTestNG.main(RemoteTestNG.java:91)
]]>
            </full-stacktrace>
          </exception> <!-- org.testng.TestNGException -->
          <reporter-output>
          </reporter-output>
        </test-method> <!-- verifyTheAddedUserIsVisibleInTheAllUserList -->
        <test-method is-config="true" signature="afterMethod()[pri:0, instance:testClasses.ManageUsersTestClass@3a93b025]" started-at="2024-12-19T22:44:25 IST" name="afterMethod" finished-at="1970-01-01T05:30:00 IST" duration-ms="-1734628465140" status="SKIP">
          <reporter-output>
          </reporter-output>
        </test-method> <!-- afterMethod -->
        <test-method is-config="true" signature="aftersuit()[pri:0, instance:testClasses.ManageUsersTestClass@3a93b025]" started-at="2024-12-19T22:44:25 IST" name="aftersuit" finished-at="2024-12-19T22:44:25 IST" duration-ms="0" status="PASS">
          <reporter-output>
          </reporter-output>
        </test-method> <!-- aftersuit -->
      </class> <!-- testClasses.ManageUsersTestClass -->
    </test> <!-- Default test -->
  </suite> <!-- Default suite -->
</testng-results>
